c:\users\diane\source\repos\snakegame\debug\vc143.pdb
c:\users\diane\source\repos\snakegame\debug\vc143.idb
c:\users\diane\source\repos\snakegame\debug\main.obj
c:\users\diane\source\repos\snakegame\debug\block.png
c:\users\diane\source\repos\snakegame\debug\snakegame.ilk
c:\users\diane\source\repos\snakegame\debug\snakegame.exe
c:\users\diane\source\repos\snakegame\debug\snakegame.pdb
c:\users\diane\source\repos\snakegame\debug\sfml-graphics-d-2.dll
c:\users\diane\source\repos\snakegame\debug\sfml-window-d-2.dll
c:\users\diane\source\repos\snakegame\debug\sfml-system-d-2.dll
c:\users\diane\source\repos\snakegame\debug\freetyped.dll
c:\users\diane\source\repos\snakegame\debug\zlibd1.dll
c:\users\diane\source\repos\snakegame\debug\bz2d.dll
c:\users\diane\source\repos\snakegame\debug\libpng16d.dll
c:\users\diane\source\repos\snakegame\debug\brotlidec.dll
c:\users\diane\source\repos\snakegame\debug\brotlicommon.dll
c:\users\diane\source\repos\snakegame\debug\snakegame.tlog\cl.command.1.tlog
c:\users\diane\source\repos\snakegame\debug\snakegame.tlog\cl.read.1.tlog
c:\users\diane\source\repos\snakegame\debug\snakegame.tlog\cl.write.1.tlog
c:\users\diane\source\repos\snakegame\debug\snakegame.tlog\copyfile.command.1.tlog
c:\users\diane\source\repos\snakegame\debug\snakegame.tlog\copyfile.read.1.tlog
c:\users\diane\source\repos\snakegame\debug\snakegame.tlog\copyfile.write.1.tlog
c:\users\diane\source\repos\snakegame\debug\snakegame.tlog\link.command.1.tlog
c:\users\diane\source\repos\snakegame\debug\snakegame.tlog\link.read.1.tlog
c:\users\diane\source\repos\snakegame\debug\snakegame.tlog\link.write.1.tlog
c:\users\diane\source\repos\snakegame\debug\snakegame.tlog\snakegame.write.1u.tlog
