c:\users\diane\source\repos\snakegame\release\vc143.pdb
c:\users\diane\source\repos\snakegame\release\main.obj
c:\users\diane\source\repos\snakegame\release\block.png
c:\users\diane\source\repos\snakegame\release\arial.ttf
c:\users\diane\source\repos\snakegame\release\snakegame.exe
c:\users\diane\source\repos\snakegame\release\snakegame.pdb
c:\users\diane\source\repos\snakegame\release\snakegame.ipdb
c:\users\diane\source\repos\snakegame\release\snakegame.iobj
c:\users\diane\source\repos\snakegame\release\sfml-graphics-2.dll
c:\users\diane\source\repos\snakegame\release\sfml-window-2.dll
c:\users\diane\source\repos\snakegame\release\sfml-system-2.dll
c:\users\diane\source\repos\snakegame\release\freetype.dll
c:\users\diane\source\repos\snakegame\release\zlib1.dll
c:\users\diane\source\repos\snakegame\release\bz2.dll
c:\users\diane\source\repos\snakegame\release\libpng16.dll
c:\users\diane\source\repos\snakegame\release\brotlidec.dll
c:\users\diane\source\repos\snakegame\release\brotlicommon.dll
c:\users\diane\source\repos\snakegame\release\snakegame.tlog\cl.command.1.tlog
c:\users\diane\source\repos\snakegame\release\snakegame.tlog\cl.read.1.tlog
c:\users\diane\source\repos\snakegame\release\snakegame.tlog\cl.write.1.tlog
c:\users\diane\source\repos\snakegame\release\snakegame.tlog\copyfile.command.1.tlog
c:\users\diane\source\repos\snakegame\release\snakegame.tlog\copyfile.read.1.tlog
c:\users\diane\source\repos\snakegame\release\snakegame.tlog\copyfile.write.1.tlog
c:\users\diane\source\repos\snakegame\release\snakegame.tlog\link.command.1.tlog
c:\users\diane\source\repos\snakegame\release\snakegame.tlog\link.read.1.tlog
c:\users\diane\source\repos\snakegame\release\snakegame.tlog\link.write.1.tlog
c:\users\diane\source\repos\snakegame\release\snakegame.tlog\snakegame.write.1u.tlog
